{"/Users/grey/Github/DEEP-CONSULTING/DeepTimer/components/BlinkingText.js": {"path":"/Users/grey/Github/DEEP-CONSULTING/DeepTimer/components/BlinkingText.js","statementMap":{"0":{"start":{"line":6,"column":4},"end":{"line":6,"column":17}},"1":{"start":{"line":7,"column":4},"end":{"line":7,"column":32}},"2":{"start":{"line":9,"column":4},"end":{"line":13,"column":13}},"3":{"start":{"line":10,"column":8},"end":{"line":12,"column":11}},"4":{"start":{"line":11,"column":10},"end":{"line":11,"column":47}},"5":{"start":{"line":18,"column":4},"end":{"line":18,"column":32}},"6":{"start":{"line":22,"column":28},"end":{"line":22,"column":38}},"7":{"start":{"line":23,"column":21},"end":{"line":23,"column":31}},"8":{"start":{"line":24,"column":24},"end":{"line":24,"column":40}},"9":{"start":{"line":25,"column":4},"end":{"line":27,"column":6}}},"fnMap":{"0":{"name":"(anonymous_0)","decl":{"start":{"line":5,"column":2},"end":{"line":5,"column":3}},"loc":{"start":{"line":5,"column":21},"end":{"line":15,"column":3}},"line":5},"1":{"name":"(anonymous_1)","decl":{"start":{"line":9,"column":31},"end":{"line":9,"column":32}},"loc":{"start":{"line":9,"column":37},"end":{"line":13,"column":7}},"line":9},"2":{"name":"(anonymous_2)","decl":{"start":{"line":10,"column":22},"end":{"line":10,"column":23}},"loc":{"start":{"line":10,"column":39},"end":{"line":12,"column":9}},"line":10},"3":{"name":"(anonymous_3)","decl":{"start":{"line":17,"column":2},"end":{"line":17,"column":3}},"loc":{"start":{"line":17,"column":25},"end":{"line":19,"column":3}},"line":17},"4":{"name":"(anonymous_4)","decl":{"start":{"line":21,"column":2},"end":{"line":21,"column":3}},"loc":{"start":{"line":21,"column":11},"end":{"line":28,"column":3}},"line":21}},"branchMap":{"0":{"loc":{"start":{"line":24,"column":24},"end":{"line":24,"column":40}},"type":"cond-expr","locations":[{"start":{"line":24,"column":31},"end":{"line":24,"column":35}},{"start":{"line":24,"column":38},"end":{"line":24,"column":40}}],"line":24}},"s":{"0":2,"1":2,"2":2,"3":0,"4":0,"5":0,"6":2,"7":2,"8":2,"9":2},"f":{"0":2,"1":0,"2":0,"3":0,"4":2},"b":{"0":[2,0]},"_coverageSchema":"43e27e138ebf9cfc5966b082cf9a028302ed4184","hash":"df10e43f904e2de423fbd4a2ae3a0ea4e4dfcfed"}
,"/Users/grey/Github/DEEP-CONSULTING/DeepTimer/components/ButtonContainer.js": {"path":"/Users/grey/Github/DEEP-CONSULTING/DeepTimer/components/ButtonContainer.js","statementMap":{"0":{"start":{"line":5,"column":24},"end":{"line":11,"column":1}},"1":{"start":{"line":6,"column":4},"end":{"line":10,"column":6}}},"fnMap":{"0":{"name":"(anonymous_0)","decl":{"start":{"line":5,"column":24},"end":{"line":5,"column":25}},"loc":{"start":{"line":5,"column":35},"end":{"line":11,"column":1}},"line":5}},"branchMap":{},"s":{"0":1,"1":3},"f":{"0":3},"b":{},"_coverageSchema":"43e27e138ebf9cfc5966b082cf9a028302ed4184","hash":"c3d2504cb4738fc717aa2e791313c8acd8b315b8"}
,"/Users/grey/Github/DEEP-CONSULTING/DeepTimer/components/ButtonControl.js": {"path":"/Users/grey/Github/DEEP-CONSULTING/DeepTimer/components/ButtonControl.js","statementMap":{"0":{"start":{"line":5,"column":22},"end":{"line":12,"column":1}},"1":{"start":{"line":6,"column":72},"end":{"line":6,"column":77}},"2":{"start":{"line":7,"column":4},"end":{"line":11,"column":6}},"3":{"start":{"line":8,"column":200},"end":{"line":8,"column":237}}},"fnMap":{"0":{"name":"(anonymous_0)","decl":{"start":{"line":5,"column":22},"end":{"line":5,"column":23}},"loc":{"start":{"line":5,"column":33},"end":{"line":12,"column":1}},"line":5},"1":{"name":"(anonymous_1)","decl":{"start":{"line":8,"column":194},"end":{"line":8,"column":195}},"loc":{"start":{"line":8,"column":200},"end":{"line":8,"column":237}},"line":8}},"branchMap":{"0":{"loc":{"start":{"line":8,"column":43},"end":{"line":8,"column":121}},"type":"cond-expr","locations":[{"start":{"line":8,"column":68},"end":{"line":8,"column":92}},{"start":{"line":8,"column":95},"end":{"line":8,"column":121}}],"line":8}},"s":{"0":1,"1":3,"2":3,"3":0},"f":{"0":3,"1":0},"b":{"0":[3,0]},"_coverageSchema":"43e27e138ebf9cfc5966b082cf9a028302ed4184","hash":"00b2115aa2a6b2982dcd7670c47503b5db679143"}
,"/Users/grey/Github/DEEP-CONSULTING/DeepTimer/components/ButtonGrid.js": {"path":"/Users/grey/Github/DEEP-CONSULTING/DeepTimer/components/ButtonGrid.js","statementMap":{"0":{"start":{"line":5,"column":19},"end":{"line":11,"column":1}},"1":{"start":{"line":6,"column":4},"end":{"line":10,"column":6}}},"fnMap":{"0":{"name":"(anonymous_0)","decl":{"start":{"line":5,"column":19},"end":{"line":5,"column":20}},"loc":{"start":{"line":5,"column":30},"end":{"line":11,"column":1}},"line":5}},"branchMap":{},"s":{"0":1,"1":3},"f":{"0":3},"b":{},"_coverageSchema":"43e27e138ebf9cfc5966b082cf9a028302ed4184","hash":"6c2b724767d698e0a436d55aae6d273134611a2e"}
,"/Users/grey/Github/DEEP-CONSULTING/DeepTimer/components/TimerButton.js": {"path":"/Users/grey/Github/DEEP-CONSULTING/DeepTimer/components/TimerButton.js","statementMap":{"0":{"start":{"line":5,"column":20},"end":{"line":17,"column":1}},"1":{"start":{"line":6,"column":37},"end":{"line":6,"column":42}},"2":{"start":{"line":7,"column":4},"end":{"line":16,"column":6}},"3":{"start":{"line":13,"column":37},"end":{"line":13,"column":43}},"4":{"start":{"line":13,"column":52},"end":{"line":13,"column":59}}},"fnMap":{"0":{"name":"(anonymous_0)","decl":{"start":{"line":5,"column":20},"end":{"line":5,"column":21}},"loc":{"start":{"line":5,"column":31},"end":{"line":17,"column":1}},"line":5},"1":{"name":"(anonymous_1)","decl":{"start":{"line":13,"column":31},"end":{"line":13,"column":32}},"loc":{"start":{"line":13,"column":37},"end":{"line":13,"column":43}},"line":13},"2":{"name":"(anonymous_2)","decl":{"start":{"line":13,"column":46},"end":{"line":13,"column":47}},"loc":{"start":{"line":13,"column":52},"end":{"line":13,"column":59}},"line":13}},"branchMap":{"0":{"loc":{"start":{"line":10,"column":19},"end":{"line":10,"column":67}},"type":"cond-expr","locations":[{"start":{"line":10,"column":29},"end":{"line":10,"column":46}},{"start":{"line":10,"column":49},"end":{"line":10,"column":67}}],"line":10},"1":{"loc":{"start":{"line":11,"column":18},"end":{"line":11,"column":46}},"type":"cond-expr","locations":[{"start":{"line":11,"column":28},"end":{"line":11,"column":36}},{"start":{"line":11,"column":39},"end":{"line":11,"column":46}}],"line":11},"2":{"loc":{"start":{"line":13,"column":21},"end":{"line":13,"column":59}},"type":"cond-expr","locations":[{"start":{"line":13,"column":31},"end":{"line":13,"column":43}},{"start":{"line":13,"column":46},"end":{"line":13,"column":59}}],"line":13},"3":{"loc":{"start":{"line":14,"column":13},"end":{"line":14,"column":39}},"type":"cond-expr","locations":[{"start":{"line":14,"column":23},"end":{"line":14,"column":29}},{"start":{"line":14,"column":32},"end":{"line":14,"column":39}}],"line":14}},"s":{"0":1,"1":3,"2":3,"3":0,"4":0},"f":{"0":3,"1":0,"2":0},"b":{"0":[0,3],"1":[0,3],"2":[0,3],"3":[0,3]},"_coverageSchema":"43e27e138ebf9cfc5966b082cf9a028302ed4184","hash":"80ce4122ef4081140c76e77b7056b782e348ea15"}
,"/Users/grey/Github/DEEP-CONSULTING/DeepTimer/components/TimerButtonContainer.js": {"path":"/Users/grey/Github/DEEP-CONSULTING/DeepTimer/components/TimerButtonContainer.js","statementMap":{"0":{"start":{"line":5,"column":29},"end":{"line":11,"column":1}},"1":{"start":{"line":6,"column":4},"end":{"line":10,"column":6}}},"fnMap":{"0":{"name":"(anonymous_0)","decl":{"start":{"line":5,"column":29},"end":{"line":5,"column":30}},"loc":{"start":{"line":5,"column":40},"end":{"line":11,"column":1}},"line":5}},"branchMap":{},"s":{"0":1,"1":3},"f":{"0":3},"b":{},"_coverageSchema":"43e27e138ebf9cfc5966b082cf9a028302ed4184","hash":"9e0ab96275a9fda735841a5ab4087bd5c2a76f18"}
,"/Users/grey/Github/DEEP-CONSULTING/DeepTimer/components/TimerControl.js": {"path":"/Users/grey/Github/DEEP-CONSULTING/DeepTimer/components/TimerControl.js","statementMap":{"0":{"start":{"line":6,"column":21},"end":{"line":18,"column":1}},"1":{"start":{"line":7,"column":36},"end":{"line":7,"column":41}},"2":{"start":{"line":8,"column":4},"end":{"line":17,"column":6}},"3":{"start":{"line":14,"column":40},"end":{"line":14,"column":46}},"4":{"start":{"line":14,"column":55},"end":{"line":14,"column":62}}},"fnMap":{"0":{"name":"(anonymous_0)","decl":{"start":{"line":6,"column":21},"end":{"line":6,"column":22}},"loc":{"start":{"line":6,"column":32},"end":{"line":18,"column":1}},"line":6},"1":{"name":"(anonymous_1)","decl":{"start":{"line":14,"column":34},"end":{"line":14,"column":35}},"loc":{"start":{"line":14,"column":40},"end":{"line":14,"column":46}},"line":14},"2":{"name":"(anonymous_2)","decl":{"start":{"line":14,"column":49},"end":{"line":14,"column":50}},"loc":{"start":{"line":14,"column":55},"end":{"line":14,"column":62}},"line":14}},"branchMap":{"0":{"loc":{"start":{"line":13,"column":22},"end":{"line":13,"column":47}},"type":"cond-expr","locations":[{"start":{"line":13,"column":31},"end":{"line":13,"column":37}},{"start":{"line":13,"column":40},"end":{"line":13,"column":47}}],"line":13},"1":{"loc":{"start":{"line":14,"column":25},"end":{"line":14,"column":62}},"type":"cond-expr","locations":[{"start":{"line":14,"column":34},"end":{"line":14,"column":46}},{"start":{"line":14,"column":49},"end":{"line":14,"column":62}}],"line":14}},"s":{"0":1,"1":4,"2":4,"3":0,"4":0},"f":{"0":4,"1":0,"2":0},"b":{"0":[0,4],"1":[0,4]},"_coverageSchema":"43e27e138ebf9cfc5966b082cf9a028302ed4184","hash":"fdb513e8cdf3c64a2bd9b84872359d7af84faa7c"}
,"/Users/grey/Github/DEEP-CONSULTING/DeepTimer/components/TimerDisplay.js": {"path":"/Users/grey/Github/DEEP-CONSULTING/DeepTimer/components/TimerDisplay.js","statementMap":{"0":{"start":{"line":6,"column":21},"end":{"line":24,"column":1}},"1":{"start":{"line":7,"column":53},"end":{"line":7,"column":58}},"2":{"start":{"line":9,"column":21},"end":{"line":14,"column":5}},"3":{"start":{"line":10,"column":8},"end":{"line":12,"column":9}},"4":{"start":{"line":11,"column":12},"end":{"line":11,"column":38}},"5":{"start":{"line":13,"column":8},"end":{"line":13,"column":36}},"6":{"start":{"line":16,"column":4},"end":{"line":23,"column":6}}},"fnMap":{"0":{"name":"(anonymous_0)","decl":{"start":{"line":6,"column":21},"end":{"line":6,"column":22}},"loc":{"start":{"line":6,"column":32},"end":{"line":24,"column":1}},"line":6},"1":{"name":"(anonymous_1)","decl":{"start":{"line":9,"column":21},"end":{"line":9,"column":22}},"loc":{"start":{"line":9,"column":47},"end":{"line":14,"column":5}},"line":9}},"branchMap":{"0":{"loc":{"start":{"line":9,"column":29},"end":{"line":9,"column":42}},"type":"default-arg","locations":[{"start":{"line":9,"column":37},"end":{"line":9,"column":42}}],"line":9},"1":{"loc":{"start":{"line":10,"column":8},"end":{"line":12,"column":9}},"type":"if","locations":[{"start":{"line":10,"column":8},"end":{"line":12,"column":9}},{"start":{"line":10,"column":8},"end":{"line":12,"column":9}}],"line":10},"2":{"loc":{"start":{"line":18,"column":13},"end":{"line":20,"column":77}},"type":"cond-expr","locations":[{"start":{"line":19,"column":16},"end":{"line":19,"column":86}},{"start":{"line":20,"column":16},"end":{"line":20,"column":77}}],"line":18}},"s":{"0":1,"1":3,"2":3,"3":3,"4":0,"5":3,"6":3},"f":{"0":3,"1":3},"b":{"0":[3],"1":[0,3],"2":[0,3]},"_coverageSchema":"43e27e138ebf9cfc5966b082cf9a028302ed4184","hash":"7342f608672d465476980004222a30206792c2f8"}
,"/Users/grey/Github/DEEP-CONSULTING/DeepTimer/components/TimerDisplayContainer.js": {"path":"/Users/grey/Github/DEEP-CONSULTING/DeepTimer/components/TimerDisplayContainer.js","statementMap":{"0":{"start":{"line":5,"column":30},"end":{"line":11,"column":1}},"1":{"start":{"line":6,"column":4},"end":{"line":10,"column":6}}},"fnMap":{"0":{"name":"(anonymous_0)","decl":{"start":{"line":5,"column":30},"end":{"line":5,"column":31}},"loc":{"start":{"line":5,"column":41},"end":{"line":11,"column":1}},"line":5}},"branchMap":{},"s":{"0":1,"1":3},"f":{"0":3},"b":{},"_coverageSchema":"43e27e138ebf9cfc5966b082cf9a028302ed4184","hash":"30fbf37bf28b562329037f2ea7ab8c8a66968fc8"}
,"/Users/grey/Github/DEEP-CONSULTING/DeepTimer/components/TimerInput.js": {"path":"/Users/grey/Github/DEEP-CONSULTING/DeepTimer/components/TimerInput.js","statementMap":{"0":{"start":{"line":4,"column":19},"end":{"line":16,"column":1}},"1":{"start":{"line":5,"column":65},"end":{"line":5,"column":70}},"2":{"start":{"line":6,"column":4},"end":{"line":15,"column":12}},"3":{"start":{"line":14,"column":40},"end":{"line":14,"column":65}}},"fnMap":{"0":{"name":"(anonymous_0)","decl":{"start":{"line":4,"column":19},"end":{"line":4,"column":20}},"loc":{"start":{"line":4,"column":30},"end":{"line":16,"column":1}},"line":4},"1":{"name":"(anonymous_1)","decl":{"start":{"line":14,"column":26},"end":{"line":14,"column":27}},"loc":{"start":{"line":14,"column":40},"end":{"line":14,"column":65}},"line":14}},"branchMap":{},"s":{"0":1,"1":2,"2":2,"3":0},"f":{"0":2,"1":0},"b":{},"_coverageSchema":"43e27e138ebf9cfc5966b082cf9a028302ed4184","hash":"af46204bcb30a3f7f95b5ce2a017b5f5b55ca99d"}
,"/Users/grey/Github/DEEP-CONSULTING/DeepTimer/components/TimerInputContainer.js": {"path":"/Users/grey/Github/DEEP-CONSULTING/DeepTimer/components/TimerInputContainer.js","statementMap":{"0":{"start":{"line":5,"column":28},"end":{"line":11,"column":1}},"1":{"start":{"line":6,"column":4},"end":{"line":10,"column":6}}},"fnMap":{"0":{"name":"(anonymous_0)","decl":{"start":{"line":5,"column":28},"end":{"line":5,"column":29}},"loc":{"start":{"line":5,"column":39},"end":{"line":11,"column":1}},"line":5}},"branchMap":{},"s":{"0":1,"1":3},"f":{"0":3},"b":{},"_coverageSchema":"43e27e138ebf9cfc5966b082cf9a028302ed4184","hash":"1632297a58935f02b188a2f4e7cf1e8b095f4283"}
,"/Users/grey/Github/DEEP-CONSULTING/DeepTimer/components/TimerInputError.js": {"path":"/Users/grey/Github/DEEP-CONSULTING/DeepTimer/components/TimerInputError.js","statementMap":{"0":{"start":{"line":5,"column":24},"end":{"line":11,"column":1}},"1":{"start":{"line":6,"column":4},"end":{"line":10,"column":6}}},"fnMap":{"0":{"name":"(anonymous_0)","decl":{"start":{"line":5,"column":24},"end":{"line":5,"column":25}},"loc":{"start":{"line":5,"column":35},"end":{"line":11,"column":1}},"line":5}},"branchMap":{},"s":{"0":1,"1":3},"f":{"0":3},"b":{},"_coverageSchema":"43e27e138ebf9cfc5966b082cf9a028302ed4184","hash":"dc968bc4ce6b939f467c9a1f403b3acdaef145b4"}
,"/Users/grey/Github/DEEP-CONSULTING/DeepTimer/components/TimerInputGroup.js": {"path":"/Users/grey/Github/DEEP-CONSULTING/DeepTimer/components/TimerInputGroup.js","statementMap":{"0":{"start":{"line":5,"column":24},"end":{"line":11,"column":1}},"1":{"start":{"line":6,"column":4},"end":{"line":10,"column":6}}},"fnMap":{"0":{"name":"(anonymous_0)","decl":{"start":{"line":5,"column":24},"end":{"line":5,"column":25}},"loc":{"start":{"line":5,"column":35},"end":{"line":11,"column":1}},"line":5}},"branchMap":{},"s":{"0":1,"1":3},"f":{"0":3},"b":{},"_coverageSchema":"43e27e138ebf9cfc5966b082cf9a028302ed4184","hash":"b789e95de6b34f894565b24057ffcfe0bcaa6899"}
,"/Users/grey/Github/DEEP-CONSULTING/DeepTimer/components/TimerStatusDisplay.js": {"path":"/Users/grey/Github/DEEP-CONSULTING/DeepTimer/components/TimerStatusDisplay.js","statementMap":{"0":{"start":{"line":5,"column":27},"end":{"line":14,"column":1}},"1":{"start":{"line":6,"column":32},"end":{"line":6,"column":37}},"2":{"start":{"line":7,"column":4},"end":{"line":13,"column":6}}},"fnMap":{"0":{"name":"(anonymous_0)","decl":{"start":{"line":5,"column":27},"end":{"line":5,"column":28}},"loc":{"start":{"line":5,"column":38},"end":{"line":14,"column":1}},"line":5}},"branchMap":{},"s":{"0":1,"1":4,"2":4},"f":{"0":4},"b":{},"_coverageSchema":"43e27e138ebf9cfc5966b082cf9a028302ed4184","hash":"048177ee462a7269b550a6900fcc75953bac77e1"}
,"/Users/grey/Github/DEEP-CONSULTING/DeepTimer/components/TopContainer.js": {"path":"/Users/grey/Github/DEEP-CONSULTING/DeepTimer/components/TopContainer.js","statementMap":{"0":{"start":{"line":5,"column":21},"end":{"line":11,"column":1}},"1":{"start":{"line":6,"column":4},"end":{"line":10,"column":6}}},"fnMap":{"0":{"name":"(anonymous_0)","decl":{"start":{"line":5,"column":21},"end":{"line":5,"column":22}},"loc":{"start":{"line":5,"column":32},"end":{"line":11,"column":1}},"line":5}},"branchMap":{},"s":{"0":1,"1":3},"f":{"0":3},"b":{},"_coverageSchema":"43e27e138ebf9cfc5966b082cf9a028302ed4184","hash":"472d289f321f1f9445879e8bca818f2ed7cd2231"}
,"/Users/grey/Github/DEEP-CONSULTING/DeepTimer/styles/index.js": {"path":"/Users/grey/Github/DEEP-CONSULTING/DeepTimer/styles/index.js","statementMap":{},"fnMap":{},"branchMap":{},"s":{},"f":{},"b":{},"_coverageSchema":"43e27e138ebf9cfc5966b082cf9a028302ed4184","hash":"9628c8a2f1d0bc478b316680c6f4d613be5ccf71"}
}
