TN:
SF:/Users/grey/Github/DEEP-CONSULTING/DeepTimer/components/BlinkingText.js
FN:5,(anonymous_0)
FN:9,(anonymous_1)
FN:10,(anonymous_2)
FN:17,(anonymous_3)
FN:21,(anonymous_4)
FNF:5
FNH:2
FNDA:2,(anonymous_0)
FNDA:0,(anonymous_1)
FNDA:0,(anonymous_2)
FNDA:0,(anonymous_3)
FNDA:2,(anonymous_4)
DA:6,2
DA:7,2
DA:9,2
DA:10,0
DA:11,0
DA:18,0
DA:22,2
DA:23,2
DA:24,2
DA:25,2
LF:10
LH:7
BRDA:24,0,0,2
BRDA:24,0,1,0
BRF:2
BRH:1
end_of_record
TN:
SF:/Users/grey/Github/DEEP-CONSULTING/DeepTimer/components/ButtonContainer.js
FN:5,(anonymous_0)
FNF:1
FNH:1
FNDA:3,(anonymous_0)
DA:5,1
DA:6,3
LF:2
LH:2
BRF:0
BRH:0
end_of_record
TN:
SF:/Users/grey/Github/DEEP-CONSULTING/DeepTimer/components/ButtonControl.js
FN:5,(anonymous_0)
FN:8,(anonymous_1)
FNF:2
FNH:1
FNDA:3,(anonymous_0)
FNDA:0,(anonymous_1)
DA:5,1
DA:6,3
DA:7,3
DA:8,0
LF:4
LH:3
BRDA:8,0,0,3
BRDA:8,0,1,0
BRF:2
BRH:1
end_of_record
TN:
SF:/Users/grey/Github/DEEP-CONSULTING/DeepTimer/components/ButtonGrid.js
FN:5,(anonymous_0)
FNF:1
FNH:1
FNDA:3,(anonymous_0)
DA:5,1
DA:6,3
LF:2
LH:2
BRF:0
BRH:0
end_of_record
TN:
SF:/Users/grey/Github/DEEP-CONSULTING/DeepTimer/components/TimerButton.js
FN:5,(anonymous_0)
FN:13,(anonymous_1)
FN:13,(anonymous_2)
FNF:3
FNH:1
FNDA:3,(anonymous_0)
FNDA:0,(anonymous_1)
FNDA:0,(anonymous_2)
DA:5,1
DA:6,3
DA:7,3
DA:13,0
LF:4
LH:3
BRDA:10,0,0,0
BRDA:10,0,1,3
BRDA:11,1,0,0
BRDA:11,1,1,3
BRDA:13,2,0,0
BRDA:13,2,1,3
BRDA:14,3,0,0
BRDA:14,3,1,3
BRF:8
BRH:4
end_of_record
TN:
SF:/Users/grey/Github/DEEP-CONSULTING/DeepTimer/components/TimerButtonContainer.js
FN:5,(anonymous_0)
FNF:1
FNH:1
FNDA:3,(anonymous_0)
DA:5,1
DA:6,3
LF:2
LH:2
BRF:0
BRH:0
end_of_record
TN:
SF:/Users/grey/Github/DEEP-CONSULTING/DeepTimer/components/TimerControl.js
FN:6,(anonymous_0)
FN:14,(anonymous_1)
FN:14,(anonymous_2)
FNF:3
FNH:1
FNDA:4,(anonymous_0)
FNDA:0,(anonymous_1)
FNDA:0,(anonymous_2)
DA:6,1
DA:7,4
DA:8,4
DA:14,0
LF:4
LH:3
BRDA:13,0,0,0
BRDA:13,0,1,4
BRDA:14,1,0,0
BRDA:14,1,1,4
BRF:4
BRH:2
end_of_record
TN:
SF:/Users/grey/Github/DEEP-CONSULTING/DeepTimer/components/TimerDisplay.js
FN:6,(anonymous_0)
FN:9,(anonymous_1)
FNF:2
FNH:2
FNDA:3,(anonymous_0)
FNDA:3,(anonymous_1)
DA:6,1
DA:7,3
DA:9,3
DA:10,3
DA:11,0
DA:13,3
DA:16,3
LF:7
LH:6
BRDA:9,0,0,3
BRDA:10,1,0,0
BRDA:10,1,1,3
BRDA:18,2,0,0
BRDA:18,2,1,3
BRF:5
BRH:3
end_of_record
TN:
SF:/Users/grey/Github/DEEP-CONSULTING/DeepTimer/components/TimerDisplayContainer.js
FN:5,(anonymous_0)
FNF:1
FNH:1
FNDA:3,(anonymous_0)
DA:5,1
DA:6,3
LF:2
LH:2
BRF:0
BRH:0
end_of_record
TN:
SF:/Users/grey/Github/DEEP-CONSULTING/DeepTimer/components/TimerInput.js
FN:4,(anonymous_0)
FN:14,(anonymous_1)
FNF:2
FNH:1
FNDA:2,(anonymous_0)
FNDA:0,(anonymous_1)
DA:4,1
DA:5,2
DA:6,2
DA:14,0
LF:4
LH:3
BRF:0
BRH:0
end_of_record
TN:
SF:/Users/grey/Github/DEEP-CONSULTING/DeepTimer/components/TimerInputContainer.js
FN:5,(anonymous_0)
FNF:1
FNH:1
FNDA:3,(anonymous_0)
DA:5,1
DA:6,3
LF:2
LH:2
BRF:0
BRH:0
end_of_record
TN:
SF:/Users/grey/Github/DEEP-CONSULTING/DeepTimer/components/TimerInputError.js
FN:5,(anonymous_0)
FNF:1
FNH:1
FNDA:3,(anonymous_0)
DA:5,1
DA:6,3
LF:2
LH:2
BRF:0
BRH:0
end_of_record
TN:
SF:/Users/grey/Github/DEEP-CONSULTING/DeepTimer/components/TimerInputGroup.js
FN:5,(anonymous_0)
FNF:1
FNH:1
FNDA:3,(anonymous_0)
DA:5,1
DA:6,3
LF:2
LH:2
BRF:0
BRH:0
end_of_record
TN:
SF:/Users/grey/Github/DEEP-CONSULTING/DeepTimer/components/TimerStatusDisplay.js
FN:5,(anonymous_0)
FNF:1
FNH:1
FNDA:4,(anonymous_0)
DA:5,1
DA:6,4
DA:7,4
LF:3
LH:3
BRF:0
BRH:0
end_of_record
TN:
SF:/Users/grey/Github/DEEP-CONSULTING/DeepTimer/components/TopContainer.js
FN:5,(anonymous_0)
FNF:1
FNH:1
FNDA:3,(anonymous_0)
DA:5,1
DA:6,3
LF:2
LH:2
BRF:0
BRH:0
end_of_record
TN:
SF:/Users/grey/Github/DEEP-CONSULTING/DeepTimer/styles/index.js
FNF:0
FNH:0
LF:0
LH:0
BRF:0
BRH:0
end_of_record
